<?xml version="1.0" encoding="UTF-8" ?>
<testsuite tests="1" failures="1" name="com.chemasmas.jaxrs.netbeanssesion1.resources.JavaEE8ResourceTest" time="0.026" errors="0" skipped="0">
  <properties>
[...]
</properties>
  <testcase classname="com.chemasmas.jaxrs.netbeanssesion1.resources.JavaEE8ResourceTest" name="com.chemasmas.jaxrs.netbeanssesion1.resources.JavaEE8ResourceTest.testPing" time="0.026">
    <failure message="java.lang.ClassNotFoundException: org.glassfish.jersey.internal.RuntimeDelegateImpl" type="java.lang.RuntimeException">java.lang.RuntimeException: java.lang.ClassNotFoundException: org.glassfish.jersey.internal.RuntimeDelegateImpl
	at javax.ws.rs.ext.RuntimeDelegate.findDelegate(RuntimeDelegate.java:154)
	at javax.ws.rs.ext.RuntimeDelegate.getInstance(RuntimeDelegate.java:121)
	at javax.ws.rs.core.Response$ResponseBuilder.newInstance(Response.java:864)
	at javax.ws.rs.core.Response.status(Response.java:592)
	at javax.ws.rs.core.Response.status(Response.java:603)
	at javax.ws.rs.core.Response.ok(Response.java:638)
	at javax.ws.rs.core.Response.ok(Response.java:650)
	at com.chemasmas.jaxrs.netbeanssesion1.resources.JavaEE8Resource.ping(JavaEE8Resource.java:17)
	at com.chemasmas.jaxrs.netbeanssesion1.resources.JavaEE8ResourceTest.testPing(JavaEE8ResourceTest.java:27)
Caused by: java.lang.ClassNotFoundException: org.glassfish.jersey.internal.RuntimeDelegateImpl
	at java.lang.Class.forNameImpl(Native Method)
	at java.lang.Class.forName(Class.java:337)
	at javax.ws.rs.ext.FactoryFinder.newInstance(FactoryFinder.java:111)
	at javax.ws.rs.ext.FactoryFinder.find(FactoryFinder.java:209)
	at javax.ws.rs.ext.RuntimeDelegate.findDelegate(RuntimeDelegate.java:136)
	... 26 more
</failure>
    <system-out>ping
</system-out>
  </testcase>
</testsuite>